<?xml version="1.0" encoding="UTF-8"?>
<testsuite xmlns:xsi="http://www.w3.org/2001/XMLSchema-instance" xsi:noNamespaceSchemaLocation="https://maven.apache.org/surefire/maven-surefire-plugin/xsd/surefire-test-report.xsd" name="uk.ac.ed.inf.AppTest" time="0.011" tests="1" errors="0" skipped="0" failures="0">
  <properties>
    <property name="gopherProxySet" value="false"/>
    <property name="awt.toolkit" value="sun.lwawt.macosx.LWCToolkit"/>
    <property name="java.specification.version" value="11"/>
    <property name="sun.cpu.isalist" value=""/>
    <property name="sun.jnu.encoding" value="UTF-8"/>
    <property name="java.class.path" value="/Users/xinrui/Downloads/ilp_final/target/test-classes:/Users/xinrui/Downloads/ilp_final/target/classes:/Users/xinrui/.m2/repository/junit/junit/4.11/junit-4.11.jar:/Users/xinrui/.m2/repository/org/hamcrest/hamcrest-core/1.3/hamcrest-core-1.3.jar:/Users/xinrui/.m2/repository/com/mapbox/mapboxsdk/mapbox-sdk-geojson/5.6.0/mapbox-sdk-geojson-5.6.0.jar:/Users/xinrui/.m2/repository/com/google/code/gson/gson/2.8.6/gson-2.8.6.jar:/Users/xinrui/.m2/repository/com/mapbox/mapboxsdk/mapbox-sdk-turf/5.6.0/mapbox-sdk-turf-5.6.0.jar:/Users/xinrui/.m2/repository/org/apache/derby/derbyclient/10.15.2.0/derbyclient-10.15.2.0.jar:/Users/xinrui/.m2/repository/org/apache/derby/derbyshared/10.15.2.0/derbyshared-10.15.2.0.jar:"/>
    <property name="java.vm.vendor" value="BellSoft"/>
    <property name="sun.arch.data.model" value="64"/>
    <property name="java.vendor.url" value="https://bell-sw.com/"/>
    <property name="user.timezone" value=""/>
    <property name="java.vm.specification.version" value="11"/>
    <property name="os.name" value="Mac OS X"/>
    <property name="sun.java.launcher" value="SUN_STANDARD"/>
    <property name="user.country" value="GB"/>
    <property name="sun.boot.library.path" value="/Users/xinrui/Library/Java/JavaVirtualMachines/liberica-11.0.13/lib"/>
    <property name="sun.java.command" value="/Users/xinrui/Downloads/ilp_final/target/surefire/surefirebooter15426469080325623151.jar /Users/xinrui/Downloads/ilp_final/target/surefire 2021-12-10T14-52-48_675-jvmRun1 surefire12833371852812795969tmp surefire_013337688267063989304tmp"/>
    <property name="jdk.debug" value="release"/>
    <property name="surefire.test.class.path" value="/Users/xinrui/Downloads/ilp_final/target/test-classes:/Users/xinrui/Downloads/ilp_final/target/classes:/Users/xinrui/.m2/repository/junit/junit/4.11/junit-4.11.jar:/Users/xinrui/.m2/repository/org/hamcrest/hamcrest-core/1.3/hamcrest-core-1.3.jar:/Users/xinrui/.m2/repository/com/mapbox/mapboxsdk/mapbox-sdk-geojson/5.6.0/mapbox-sdk-geojson-5.6.0.jar:/Users/xinrui/.m2/repository/com/google/code/gson/gson/2.8.6/gson-2.8.6.jar:/Users/xinrui/.m2/repository/com/mapbox/mapboxsdk/mapbox-sdk-turf/5.6.0/mapbox-sdk-turf-5.6.0.jar:/Users/xinrui/.m2/repository/org/apache/derby/derbyclient/10.15.2.0/derbyclient-10.15.2.0.jar:/Users/xinrui/.m2/repository/org/apache/derby/derbyshared/10.15.2.0/derbyshared-10.15.2.0.jar:"/>
    <property name="sun.cpu.endian" value="little"/>
    <property name="user.home" value="/Users/xinrui"/>
    <property name="user.language" value="zh"/>
    <property name="java.specification.vendor" value="Oracle Corporation"/>
    <property name="java.version.date" value="2021-10-19"/>
    <property name="java.home" value="/Users/xinrui/Library/Java/JavaVirtualMachines/liberica-11.0.13"/>
    <property name="file.separator" value="/"/>
    <property name="basedir" value="/Users/xinrui/Downloads/ilp_final"/>
    <property name="java.vm.compressedOopsMode" value="Zero based"/>
    <property name="line.separator" value="&#10;"/>
    <property name="java.specification.name" value="Java Platform API Specification"/>
    <property name="java.vm.specification.vendor" value="Oracle Corporation"/>
    <property name="java.awt.graphicsenv" value="sun.awt.CGraphicsEnvironment"/>
    <property name="surefire.real.class.path" value="/Users/xinrui/Downloads/ilp_final/target/surefire/surefirebooter15426469080325623151.jar"/>
    <property name="user.script" value="Hans"/>
    <property name="sun.management.compiler" value="HotSpot 64-Bit Tiered Compilers"/>
    <property name="java.runtime.version" value="11.0.13+8-LTS"/>
    <property name="user.name" value="xinrui"/>
    <property name="path.separator" value=":"/>
    <property name="os.version" value="12.0.1"/>
    <property name="java.runtime.name" value="OpenJDK Runtime Environment"/>
    <property name="file.encoding" value="UTF-8"/>
    <property name="java.vm.name" value="OpenJDK 64-Bit Server VM"/>
    <property name="localRepository" value="/Users/xinrui/.m2/repository"/>
    <property name="java.vendor.url.bug" value="https://bell-sw.com/support"/>
    <property name="java.io.tmpdir" value="/var/folders/hk/4tznwq551kb5jl13y7v9z7mh0000gn/T/"/>
    <property name="idea.version" value="2021.2.2"/>
    <property name="java.version" value="11.0.13"/>
    <property name="user.dir" value="/Users/xinrui/Downloads/ilp_final"/>
    <property name="os.arch" value="aarch64"/>
    <property name="java.vm.specification.name" value="Java Virtual Machine Specification"/>
    <property name="java.awt.printerjob" value="sun.lwawt.macosx.CPrinterJob"/>
    <property name="sun.os.patch.level" value="unknown"/>
    <property name="java.library.path" value="/Users/xinrui/Library/Java/Extensions:/Library/Java/Extensions:/Network/Library/Java/Extensions:/System/Library/Java/Extensions:/usr/lib/java:."/>
    <property name="java.vm.info" value="mixed mode"/>
    <property name="java.vendor" value="BellSoft"/>
    <property name="java.vm.version" value="11.0.13+8-LTS"/>
    <property name="sun.io.unicode.encoding" value="UnicodeBig"/>
    <property name="java.class.version" value="55.0"/>
  </properties>
  <testcase name="shouldAnswerWithTrue" classname="uk.ac.ed.inf.AppTest" time="0.001"/>
</testsuite>